<?xml version="1.0" encoding="UTF-8"?>
<!-- Generated by org.testng.reporters.JUnitReportReporter -->
<testsuite skipped="0" hostname="ravi" name="com.orange.hrm.ess.module.testcase.OHT05_orange_hrm_admin_verify_AllLinks" tests="1" failures="0" timestamp="23 Nov 2019 08:45:28 GMT" time="1.347" errors="0">
  <testcase name="verify_all_links" time="1.347" classname="com.orange.hrm.ess.module.testcase.OHT05_orange_hrm_admin_verify_AllLinks"/>
</testsuite> <!-- com.orange.hrm.ess.module.testcase.OHT05_orange_hrm_admin_verify_AllLinks -->
