<?xml version="1.0" encoding="UTF-8"?>
<!-- Generated by org.testng.reporters.JUnitReportReporter -->
<testsuite skipped="0" hostname="ravi" name="com.orange.hrm.ess.module.testcase.OHT04_orange_hrm_ess_SwitchTo_NewWindow" tests="1" failures="0" timestamp="14 Jan 2020 03:15:12 GMT" time="6.602" errors="0">
  <testcase name="windowHandles" time="6.602" classname="com.orange.hrm.ess.module.testcase.OHT04_orange_hrm_ess_SwitchTo_NewWindow"/>
</testsuite> <!-- com.orange.hrm.ess.module.testcase.OHT04_orange_hrm_ess_SwitchTo_NewWindow -->
