<?xml version="1.0" encoding="UTF-8"?>
<!-- Generated by org.testng.reporters.JUnitReportReporter -->
<testsuite skipped="1" hostname="ravi" name="com.orange.hrm.ess.module.testcase.OCT00_orange_hrm_admin_login" tests="2" failures="0" timestamp="14 Jan 2020 03:15:12 GMT" time="8.973" errors="0">
  <testcase name="AdminLogin" time="8.973" classname="com.orange.hrm.ess.module.testcase.OCT00_orange_hrm_admin_login"/>
  <testcase name="verify_all_links" classname="com.orange.hrm.ess.module.testcase.OCT00_orange_hrm_admin_login">
    <skipped/>
  </testcase> <!-- verify_all_links -->
</testsuite> <!-- com.orange.hrm.ess.module.testcase.OCT00_orange_hrm_admin_login -->
