<?xml version="1.0" encoding="UTF-8"?>
<!-- Generated by org.testng.reporters.JUnitReportReporter -->
<testsuite skipped="0" hostname="ravi" name="com.orange.hrm.ess.testcases.ess_home_testcase_01" tests="1" failures="0" timestamp="23 Sep 2019 09:34:51 GMT" time="1.722" errors="0">
  <testcase name="login" time="1.722" classname="com.orange.hrm.ess.testcases.ess_home_testcase_01"/>
</testsuite> <!-- com.orange.hrm.ess.testcases.ess_home_testcase_01 -->
