<?xml version="1.0" encoding="UTF-8"?>
<!-- Generated by org.testng.reporters.JUnitReportReporter -->
<testsuite skipped="0" hostname="ravi" name="com.orange.hrm.ess.testcases.orange_hrm_ess_personal_details_myinfo_02" tests="2" failures="0" timestamp="24 Sep 2019 12:16:47 GMT" time="25.454" errors="0">
  <testcase name="persona_details" time="8.388" classname="com.orange.hrm.ess.testcases.orange_hrm_ess_personal_details_myinfo_02"/>
  <testcase name="upload_photo" time="17.066" classname="com.orange.hrm.ess.testcases.orange_hrm_ess_personal_details_myinfo_02"/>
</testsuite> <!-- com.orange.hrm.ess.testcases.orange_hrm_ess_personal_details_myinfo_02 -->
