<?xml version="1.0" encoding="UTF-8"?>
<!-- Generated by org.testng.reporters.JUnitReportReporter -->
<testsuite skipped="0" hostname="ravi" name="com.orange.hrm.ess.testcases.orange_hrm_ess_user_creation_00" tests="1" failures="0" timestamp="24 Sep 2019 12:16:47 GMT" time="13.748" errors="0">
  <testcase name="create_verify_status" time="13.748" classname="com.orange.hrm.ess.testcases.orange_hrm_ess_user_creation_00"/>
</testsuite> <!-- com.orange.hrm.ess.testcases.orange_hrm_ess_user_creation_00 -->
