<?xml version="1.0" encoding="UTF-8"?>
<!-- Generated by org.testng.reporters.JUnitReportReporter -->
<testsuite skipped="0" hostname="ravi" name="com.orange.hrm.ess.module.testcase.OHT04_orange_hrm_ess_imglink" tests="1" failures="0" timestamp="10 Oct 2019 18:50:52 GMT" time="5.852" errors="0">
  <testcase name="windowHandles" time="5.852" classname="com.orange.hrm.ess.module.testcase.OHT04_orange_hrm_ess_imglink"/>
</testsuite> <!-- com.orange.hrm.ess.module.testcase.OHT04_orange_hrm_ess_imglink -->
