<?xml version="1.0" encoding="UTF-8"?>
<!-- Generated by org.testng.reporters.JUnitReportReporter -->
<testsuite skipped="0" hostname="ravi" name="com.orange.hrm.ess.testcases.ess_personal_details_myinfo_02" tests="1" failures="0" timestamp="23 Sep 2019 09:34:51 GMT" time="4.150" errors="0">
  <testcase name="persona_details" time="4.150" classname="com.orange.hrm.ess.testcases.ess_personal_details_myinfo_02"/>
</testsuite> <!-- com.orange.hrm.ess.testcases.ess_personal_details_myinfo_02 -->
