<?xml version="1.0" encoding="UTF-8"?>
<!-- Generated by org.testng.reporters.JUnitReportReporter -->
<testsuite skipped="0" hostname="ravi" name="com.orange.hrm.ess.testcases.ess_admin_create_ess_00" tests="1" failures="0" timestamp="23 Sep 2019 09:34:51 GMT" time="14.282" errors="0">
  <testcase name="create_verify_status" time="14.282" classname="com.orange.hrm.ess.testcases.ess_admin_create_ess_00"/>
</testsuite> <!-- com.orange.hrm.ess.testcases.ess_admin_create_ess_00 -->
