<?xml version="1.0" encoding="UTF-8"?>
<!-- Generated by org.testng.reporters.JUnitReportReporter -->
<testsuite skipped="1" hostname="ravi" name="com.orange.hrm.ess.module.testcase.OCT00_orange_hrm_admin_login" tests="2" failures="0" timestamp="23 Nov 2019 08:51:58 GMT" time="9.250" errors="0">
  <testcase name="AdminLogin" time="9.250" classname="com.orange.hrm.ess.module.testcase.OCT00_orange_hrm_admin_login"/>
  <testcase name="verify_all_links" classname="com.orange.hrm.ess.module.testcase.OCT00_orange_hrm_admin_login">
    <skipped/>
  </testcase> <!-- verify_all_links -->
</testsuite> <!-- com.orange.hrm.ess.module.testcase.OCT00_orange_hrm_admin_login -->
